modload_IMPORTS_start
I_LoadStartModule
modload_IMPORTS_end

stdio_IMPORTS_start
I_printf
I_fdprintf
stdio_IMPORTS_end

libsd_IMPORTS_start
I_sceSdInit
I_sceSdVoiceTrans
I_sceSdSetParam
I_sceSdSetSwitch
I_sceSdSetCoreAttr
I_sceSdSetAddr
I_sceSdGetAddr
I_sceSdVoiceTransStatus
I_sceSdBlockTrans
I_sceSdBlockTransStatus
I_sceSdGetParam
libsd_IMPORTS_end

thsemap_IMPORTS_start
I_CreateSema
I_SignalSema
I_iSignalSema
I_WaitSema
thsemap_IMPORTS_end

sysmem_IMPORTS_start
I_AllocSysMemory
I_FreeSysMemory
I_QueryMaxFreeMemSize
sysmem_IMPORTS_end

sysclib_IMPORTS_start
I_memset
I_memcpy
sysclib_IMPORTS_end

ioman_IMPORTS_start
I_open
I_close
I_read
I_write
I_lseek
I_getstat
ioman_IMPORTS_end

thbase_IMPORTS_start
I_DelayThread
I_StartThread
I_CreateThread
I_GetSystemTime
I_SysClock2USec
I_USec2SysClock
I_SetAlarm
thbase_IMPORTS_end

timrman_IMPORTS_start
I_AllocHardTimer
I_GetTimerCounter
timrman_IMPORTS_end
